<?xml version="1.0" encoding="UTF-8"?>
<!-- Generated by org.testng.reporters.JUnitReportReporter -->
<testsuite hostname="yathishgowda-PC" failures="0" tests="4" name="testcases.TestCases" time="34.130" errors="0" timestamp="2022-09-17T13:42:21 IST" skipped="0">
  <testcase classname="testcases.TestCases" name="RtLoginTest" time="10.380"/>
  <system-out/>
  <testcase classname="testcases.TestCases" name="TitleTest" time="5.472"/>
  <system-out/>
  <testcase classname="testcases.TestCases" name="Cart" time="12.331"/>
  <system-out/>
  <testcase classname="testcases.TestCases" name="WrgLoginTest" time="5.947"/>
  <system-out/>
</testsuite> <!-- testcases.TestCases -->
