<?xml version="1.0" encoding="UTF-8"?>
<!-- Generated by org.testng.reporters.JUnitReportReporter -->
<testsuite hostname="yathishgowda-PC" failures="0" tests="4" name="testcases.TestCases" time="35.763" errors="0" timestamp="2022-09-17T13:28:39 IST" skipped="0">
  <testcase classname="testcases.TestCases" name="RtLoginTest" time="7.886"/>
  <system-out/>
  <testcase classname="testcases.TestCases" name="TitleTest" time="7.198"/>
  <system-out/>
  <testcase classname="testcases.TestCases" name="Cart" time="9.385"/>
  <system-out/>
  <testcase classname="testcases.TestCases" name="WrgLoginTest" time="11.294"/>
  <system-out/>
</testsuite> <!-- testcases.TestCases -->
