<?xml version="1.0" encoding="UTF-8"?>
<!-- Generated by org.testng.reporters.JUnitReportReporter -->
<testsuite skipped="0" hostname="yathishgowda-PC" name="testcases.TestCases" tests="4" failures="0" timestamp="2022-09-21T19:28:55 IST" time="97.166" errors="0">
  <testcase name="RtLoginTest" time="19.309" classname="testcases.TestCases"/>
  <system-out/>
  <testcase name="WrgLoginTest" time="13.258" classname="testcases.TestCases"/>
  <system-out/>
  <testcase name="Cart" time="17.059" classname="testcases.TestCases"/>
  <system-out/>
  <testcase name="TitleTest" time="47.540" classname="testcases.TestCases"/>
  <system-out/>
</testsuite> <!-- testcases.TestCases -->
